info: Oct-27-2022 10:41:51: 	Server started and running on  ... 55555
info: Oct-27-2022 10:43:31: 	Server started and running on  ... undefined
info: Oct-27-2022 10:44:01: 	Server started and running on  ... 55555
info: Oct-27-2022 10:44:52: 	Server started and running on  ... 55555
error: Oct-27-2022 10:47:16: 	Server started and running on  ... 55555
info: Oct-27-2022 10:47:44: 	Server started and running on  ... 55555
info: Oct-27-2022 10:49:21: 	Server started and running on  ... 55555
info: Oct-27-2022 10:52:36: 	Server started and running on  ... 55555
error: Oct-27-2022 10:53:10: 	404
info: Oct-27-2022 10:55:00: 	Server started and running on  ... 55555
info: Oct-27-2022 10:56:02: 	Server started and running on  ... 55555
info: Oct-27-2022 10:57:55: 	Server started and running on  ... 55555
info: Oct-27-2022 10:58:06: 	Server started and running on  ... 55555
error: Oct-27-2022 10:58:33: 	Authentication Error Cannot set headers after they are sent to the client
info: Oct-27-2022 10:59:56: 	Server started and running on  ... 55555
info: Oct-27-2022 11:00:04: 	Server started and running on  ... 55555
info: Oct-27-2022 11:00:09: 	Server started and running on  ... 55555
info: Oct-27-2022 11:06:55: 	Server started and running on  ... 55555
error: Oct-27-2022 11:07:13: 	Authentication Error
info: Oct-27-2022 11:11:57: 	Server started and running on  ... 55555
error: Oct-27-2022 11:12:00: 	undefined
info: Oct-27-2022 11:14:23: 	Server started and running on  ... 55555
info: Oct-27-2022 11:28:26: 	Server started and running on  ... 55555
error: Oct-27-2022 11:35:28: 	undefined
info: Oct-27-2022 11:56:28: 	Server started and running on  ... 55555
info: Oct-27-2022 11:57:06: 	Server started and running on  ... 55555
info: Oct-27-2022 11:58:31: 	Server started and running on  ... 55555
info: Oct-27-2022 12:02:31: 	Server started and running on  ... 55555
info: Oct-27-2022 12:07:28: 	Server started and running on  ... 55555
info: Oct-27-2022 12:13:34: 	Server started and running on  ... 55555
info: Oct-27-2022 12:14:46: 	Server started and running on  ... 55555
info: Oct-27-2022 12:52:18: 	Server started and running on  ... 55555
info: Oct-27-2022 12:53:27: 	Server started and running on  ... 55555
info: Oct-27-2022 13:00:00: 	Server started and running on  ... 55555
info: Oct-27-2022 13:01:01: 	Server started and running on  ... 55555
info: Oct-27-2022 13:01:41: 	Success 
info: Oct-27-2022 13:03:14: 	Server started and running on  ... 55555
info: Oct-27-2022 13:13:38: 	Server started and running on  ... 55555
info: Oct-27-2022 13:13:52: 	Server started and running on  ... 55555
info: Oct-27-2022 13:15:26: 	Server started and running on  ... 55555
info: Oct-27-2022 13:15:56: 	Server started and running on  ... 55555
info: Oct-27-2022 13:26:47: 	Server started and running on  ... 55555
info: Oct-27-2022 13:27:17: 	Server started and running on  ... 55555
info: Oct-27-2022 13:34:33: 	Server started and running on  ... 55555
info: Oct-27-2022 13:44:09: 	Successfully Registered
info: Oct-27-2022 13:45:23: 	Successfully login
info: Oct-27-2022 13:46:07: 	Successfully login
info: Oct-27-2022 13:54:36: 	Server started and running on  ... 55555
info: Oct-27-2022 13:55:44: 	Server started and running on  ... 55555
info: Oct-27-2022 15:08:51: 	Server started and running on  ... 55555
info: Oct-27-2022 15:09:16: 	Successfully Registered
