info: Oct-31-2022 10:44:37: 	Server started and running on  ... 55555
info: Oct-31-2022 10:56:55: 	Server started and running on  ... 55555
info: Oct-31-2022 11:10:00: 	Server started and running on  ... 55555
info: Oct-31-2022 11:49:53: 	Server started and running on  ... 55555
error: Oct-31-2022 11:51:32: 	undefined
info: Oct-31-2022 11:53:29: 	Server started and running on  ... 55555
info: Oct-31-2022 11:54:27: 	Server started and running on  ... 55555
info: Oct-31-2022 12:08:17: 	Server started and running on  ... 55555
info: Oct-31-2022 12:08:31: 	Successfully Registered
info: Oct-31-2022 12:11:05: 	Server started and running on  ... 55555
info: Oct-31-2022 12:15:17: 	Server started and running on  ... 55555
info: Oct-31-2022 12:18:14: 	Server started and running on  ... 55555
info: Oct-31-2022 12:18:38: 	Successfully Registered
info: Oct-31-2022 12:18:58: 	Server started and running on  ... 55555
info: Oct-31-2022 12:19:25: 	Successfully login
info: Oct-31-2022 12:20:23: 	Successfully login
info: Oct-31-2022 12:21:40: 	Successfully login
info: Oct-31-2022 12:24:46: 	Server started and running on  ... 8080
info: Oct-31-2022 12:26:19: 	Server started and running on  ... 8080
info: Oct-31-2022 12:27:16: 	Successfully Registered
info: Oct-31-2022 12:27:42: 	Successfully login
info: Oct-31-2022 12:28:04: 	Successfully Registered
info: Oct-31-2022 12:28:15: 	Successfully login
info: Oct-31-2022 12:42:27: 	Server started and running on  ... 8080
error: Oct-31-2022 12:43:24: 	undefined
error: Oct-31-2022 12:43:56: 	undefined
info: Oct-31-2022 12:44:42: 	Server started and running on  ... 8080
info: Oct-31-2022 12:45:45: 	Successfully Registered
info: Oct-31-2022 12:46:38: 	Server started and running on  ... 8080
info: Oct-31-2022 12:46:43: 	Successfully login
info: Oct-31-2022 12:47:11: 	Successfully login
info: Oct-31-2022 12:47:45: 	Server started and running on  ... 8080
info: Oct-31-2022 12:49:45: 	Server started and running on  ... 8080
info: Oct-31-2022 14:04:16: 	Server started and running on  ... 8080
info: Oct-31-2022 14:07:16: 	Server started and running on  ... 8080
info: Oct-31-2022 14:07:41: 	Successfully Registered
info: Oct-31-2022 14:14:37: 	Server started and running on  ... 8080
info: Oct-31-2022 14:20:38: 	Server started and running on  ... 8080
info: Oct-31-2022 14:21:02: 	Server started and running on  ... 8080
info: Oct-31-2022 14:23:56: 	Server started and running on  ... 8080
info: Oct-31-2022 14:24:12: 	Server started and running on  ... 8080
info: Oct-31-2022 14:25:17: 	Server started and running on  ... 8080
info: Oct-31-2022 14:25:47: 	Successfully Registered
info: Oct-31-2022 14:26:53: 	Successfully login
info: Oct-31-2022 14:27:37: 	Server started and running on  ... 8080
info: Oct-31-2022 14:27:43: 	Successfully login
info: Oct-31-2022 14:35:39: 	Server started and running on  ... 8080
info: Oct-31-2022 14:36:43: 	Successfully login
info: Oct-31-2022 14:37:59: 	Successfully login
info: Oct-31-2022 14:40:08: 	Server started and running on  ... 8080
info: Oct-31-2022 14:40:13: 	Successfully login
info: Oct-31-2022 14:42:08: 	Successfully login
info: Oct-31-2022 14:42:23: 	Server started and running on  ... 8080
info: Oct-31-2022 14:42:27: 	Successfully login
info: Oct-31-2022 14:42:47: 	Server started and running on  ... 8080
info: Oct-31-2022 14:42:52: 	Successfully login
info: Oct-31-2022 14:43:07: 	Successfully login
info: Oct-31-2022 14:47:24: 	Server started and running on  ... 8080
info: Oct-31-2022 14:47:31: 	Successfully login
info: Oct-31-2022 14:51:45: 	Successfully login
info: Oct-31-2022 14:54:26: 	Successfully Registered
info: Oct-31-2022 15:15:43: 	Server started and running on  ... 8080
info: Oct-31-2022 15:16:46: 	Server started and running on  ... 8080
info: Oct-31-2022 15:17:05: 	Successfully Registered
info: Oct-31-2022 15:18:03: 	Server started and running on  ... 8080
info: Oct-31-2022 15:18:47: 	Successfully login
info: Oct-31-2022 15:20:17: 	Successfully login
info: Oct-31-2022 15:20:45: 	Successfully Registered
info: Oct-31-2022 15:21:13: 	Successfully login
info: Oct-31-2022 15:22:08: 	Successfully login
info: Oct-31-2022 15:23:10: 	Server started and running on  ... 8080
error: Oct-31-2022 15:23:20: 	undefined
info: Oct-31-2022 15:23:42: 	Server started and running on  ... 8080
info: Oct-31-2022 15:23:48: 	Successfully login
info: Oct-31-2022 15:25:38: 	Successfully login
info: Oct-31-2022 15:25:47: 	Successfully login
info: Oct-31-2022 15:30:50: 	Server started and running on  ... 8080
info: Oct-31-2022 15:30:56: 	Server started and running on  ... 8080
info: Oct-31-2022 16:09:27: 	Server started and running on  ... 8080
info: Oct-31-2022 16:11:11: 	Successfully Registered
info: Oct-31-2022 16:11:29: 	Successfully login
info: Oct-31-2022 16:11:39: 	Successfully login
info: Oct-31-2022 16:24:34: 	Server started and running on  ... 8080
info: Oct-31-2022 16:27:44: 	Server started and running on  ... 8080
info: Oct-31-2022 16:28:52: 	Server started and running on  ... 8080
info: Oct-31-2022 16:29:05: 	Server started and running on  ... 8080
info: Oct-31-2022 16:32:56: 	Server started and running on  ... 8080
info: Oct-31-2022 16:35:01: 	Server started and running on  ... 8080
info: Oct-31-2022 16:35:21: 	Server started and running on  ... 8080
info: Oct-31-2022 16:35:56: 	Server started and running on  ... 8080
info: Oct-31-2022 16:39:19: 	Server started and running on  ... 8080
info: Oct-31-2022 16:39:36: 	Successfully Registered
info: Oct-31-2022 16:44:05: 	Server started and running on  ... 8080
error: Oct-31-2022 16:45:23: 	undefined
info: Oct-31-2022 16:47:52: 	Server started and running on  ... 8080
error: Oct-31-2022 16:49:49: 	undefined
error: Oct-31-2022 16:50:20: 	undefined
info: Oct-31-2022 16:51:45: 	Server started and running on  ... 8080
info: Oct-31-2022 16:52:49: 	Server started and running on  ... 8080
info: Oct-31-2022 16:54:00: 	Server started and running on  ... 8080
error: Oct-31-2022 16:57:33: 	undefined
info: Oct-31-2022 16:58:38: 	Successfully Registered
info: Oct-31-2022 16:59:17: 	Server started and running on  ... 8080
info: Oct-31-2022 16:59:48: 	Successfully Registered
error: Oct-31-2022 17:00:17: 	undefined
info: Oct-31-2022 17:02:01: 	Server started and running on  ... 8080
info: Oct-31-2022 17:02:04: 	Successfully login
info: Oct-31-2022 17:04:01: 	Server started and running on  ... 8080
info: Oct-31-2022 17:04:26: 	Server started and running on  ... 8080
error: Oct-31-2022 17:04:29: 	undefined
info: Oct-31-2022 17:05:12: 	Server started and running on  ... 8080
error: Oct-31-2022 17:05:16: 	undefined
info: Oct-31-2022 17:05:29: 	Server started and running on  ... 8080
info: Oct-31-2022 17:06:11: 	Server started and running on  ... 8080
info: Oct-31-2022 17:07:43: 	Server started and running on  ... 8080
info: Oct-31-2022 17:10:10: 	Server started and running on  ... 8080
info: Oct-31-2022 17:10:29: 	Server started and running on  ... 8080
error: Oct-31-2022 17:10:36: 	undefined
info: Oct-31-2022 17:11:24: 	Server started and running on  ... 8080
info: Oct-31-2022 17:11:26: 	Successfully login
info: Oct-31-2022 17:12:01: 	Server started and running on  ... 8080
info: Oct-31-2022 17:13:28: 	Server started and running on  ... 8080
info: Oct-31-2022 17:14:36: 	Successfully login
info: Oct-31-2022 17:18:33: 	Server started and running on  ... 8080
info: Oct-31-2022 17:18:41: 	Server started and running on  ... 8080
info: Oct-31-2022 17:19:47: 	Server started and running on  ... 8080
info: Oct-31-2022 17:21:03: 	Server started and running on  ... 8080
info: Oct-31-2022 17:21:09: 	Successfully Registered
info: Oct-31-2022 17:22:54: 	Server started and running on  ... 8080
info: Oct-31-2022 17:23:20: 	Server started and running on  ... 8080
info: Oct-31-2022 17:24:19: 	Server started and running on  ... 8080
info: Oct-31-2022 17:26:35: 	Server started and running on  ... 8080
info: Oct-31-2022 20:11:59: 	Server started and running on  ... 8080
info: Oct-31-2022 20:12:12: 	Server started and running on  ... 8080
info: Oct-31-2022 20:13:16: 	Server started and running on  ... 8080
info: Oct-31-2022 20:19:19: 	Server started and running on  ... 8080
info: Oct-31-2022 20:22:07: 	Server started and running on  ... 8080
info: Oct-31-2022 20:22:33: 	Server started and running on  ... 8080
info: Oct-31-2022 20:23:03: 	Server started and running on  ... 8080
info: Oct-31-2022 20:27:11: 	Server started and running on  ... 8080
info: Oct-31-2022 20:28:46: 	Server started and running on  ... 8080
info: Oct-31-2022 20:30:31: 	Server started and running on  ... 8080
info: Oct-31-2022 20:32:57: 	Server started and running on  ... 8080
info: Oct-31-2022 20:33:21: 	Server started and running on  ... 8080
info: Oct-31-2022 20:33:28: 	Server started and running on  ... 8080
info: Oct-31-2022 20:34:42: 	Server started and running on  ... 8080
info: Oct-31-2022 20:38:01: 	Server started and running on  ... 8080
info: Oct-31-2022 20:38:36: 	Server started and running on  ... 8080
info: Oct-31-2022 21:19:17: 	Server started and running on  ... 8080
info: Oct-31-2022 21:25:27: 	Server started and running on  ... 8080
info: Oct-31-2022 21:30:13: 	Server started and running on  ... 8080
info: Oct-31-2022 21:36:48: 	Server started and running on  ... 8080
info: Oct-31-2022 21:37:51: 	Server started and running on  ... 8080
info: Oct-31-2022 21:38:18: 	Server started and running on  ... 8080
info: Oct-31-2022 21:39:05: 	Server started and running on  ... 8080
info: Oct-31-2022 21:39:33: 	Server started and running on  ... 8080
info: Oct-31-2022 21:45:56: 	Server started and running on  ... 8080
info: Oct-31-2022 21:48:16: 	Server started and running on  ... 8080
info: Oct-31-2022 21:48:48: 	Server started and running on  ... 8080
info: Oct-31-2022 21:51:32: 	Server started and running on  ... 8080
info: Oct-31-2022 21:54:46: 	Server started and running on  ... 8080
info: Oct-31-2022 21:59:02: 	Server started and running on  ... 8080
info: Oct-31-2022 21:59:29: 	Server started and running on  ... 8080
info: Oct-31-2022 22:04:27: 	Server started and running on  ... 8080
info: Oct-31-2022 22:07:11: 	Server started and running on  ... 8080
info: Oct-31-2022 22:07:36: 	Successfully Form upload
