info: Nov-02-2022 12:09:59: 	Server started and running on  ... 8080
error: Nov-02-2022 12:10:41: 	undefined
info: Nov-02-2022 12:11:21: 	Server started and running on  ... 8080
info: Nov-02-2022 12:11:40: 	Server started and running on  ... 8080
info: Nov-02-2022 12:12:00: 	Successfully Registered
info: Nov-02-2022 12:15:14: 	Server started and running on  ... 8080
info: Nov-02-2022 12:15:17: 	Successfully Registered
info: Nov-02-2022 12:19:54: 	Server started and running on  ... 8080
info: Nov-02-2022 12:20:32: 	Successfully Registered
info: Nov-02-2022 12:22:30: 	Server started and running on  ... 8080
info: Nov-02-2022 12:22:54: 	Server started and running on  ... 8080
info: Nov-02-2022 12:25:59: 	Successfully login
info: Nov-02-2022 12:26:36: 	Successfully Registered
info: Nov-02-2022 12:26:58: 	Successfully login
info: Nov-02-2022 12:30:41: 	Successfully Registered
info: Nov-02-2022 12:31:30: 	Successfully login
info: Nov-02-2022 12:37:36: 	Server started and running on  ... 8080
info: Nov-02-2022 12:45:31: 	Server started and running on  ... 8080
error: Nov-02-2022 12:47:19: 	undefined
info: Nov-02-2022 12:49:04: 	Server started and running on  ... 8080
info: Nov-02-2022 12:49:11: 	Successfully login
info: Nov-02-2022 12:49:45: 	Successfully login
info: Nov-02-2022 12:50:41: 	Successfully Registered
info: Nov-02-2022 12:50:54: 	Successfully login
info: Nov-02-2022 12:51:48: 	Successfully login
info: Nov-02-2022 12:51:55: 	Successfully login
info: Nov-02-2022 12:51:59: 	Successfully login
info: Nov-02-2022 12:53:21: 	Server started and running on  ... 8080
info: Nov-02-2022 12:53:24: 	Successfully login
info: Nov-02-2022 12:55:36: 	Server started and running on  ... 8080
info: Nov-02-2022 12:55:44: 	Successfully login
info: Nov-02-2022 12:56:37: 	Server started and running on  ... 8080
info: Nov-02-2022 12:56:41: 	Successfully login
info: Nov-02-2022 12:58:07: 	Successfully login
info: Nov-02-2022 12:59:15: 	Server started and running on  ... 8080
info: Nov-02-2022 12:59:19: 	Successfully login
info: Nov-02-2022 13:00:18: 	Server started and running on  ... 8080
info: Nov-02-2022 13:00:22: 	Successfully login
info: Nov-02-2022 13:00:51: 	Server started and running on  ... 8080
info: Nov-02-2022 13:01:04: 	Successfully login
info: Nov-02-2022 13:01:30: 	Server started and running on  ... 8080
info: Nov-02-2022 13:06:01: 	Server started and running on  ... 8080
info: Nov-02-2022 13:07:00: 	Server started and running on  ... 8080
info: Nov-02-2022 13:08:17: 	Server started and running on  ... 8080
info: Nov-02-2022 13:08:55: 	Server started and running on  ... 8080
info: Nov-02-2022 13:09:18: 	Server started and running on  ... 8080
info: Nov-02-2022 13:10:02: 	Server started and running on  ... 8080
info: Nov-02-2022 13:10:54: 	Server started and running on  ... 8080
info: Nov-02-2022 13:12:10: 	Server started and running on  ... 8080
info: Nov-02-2022 13:13:31: 	Server started and running on  ... 8080
info: Nov-02-2022 13:14:21: 	Server started and running on  ... 8080
info: Nov-02-2022 13:14:58: 	Server started and running on  ... 8080
info: Nov-02-2022 13:15:46: 	Server started and running on  ... 8080
info: Nov-02-2022 16:42:13: 	Server started and running on  ... 8080
info: Nov-02-2022 17:19:01: 	Server started and running on  ... 8080
info: Nov-02-2022 17:19:10: 	Server started and running on  ... 8080
info: Nov-02-2022 17:19:18: 	Successfully login
info: Nov-02-2022 17:19:56: 	Server started and running on  ... 8080
info: Nov-02-2022 17:20:03: 	Successfully login
info: Nov-02-2022 17:20:42: 	Server started and running on  ... 8080
info: Nov-02-2022 17:20:47: 	Successfully login
info: Nov-02-2022 17:21:07: 	Server started and running on  ... 8080
info: Nov-02-2022 17:21:16: 	Successfully login
info: Nov-02-2022 17:21:49: 	Successfully login
info: Nov-02-2022 17:29:43: 	Server started and running on  ... 8080
info: Nov-02-2022 17:29:47: 	Successfully login
info: Nov-02-2022 17:30:06: 	Server started and running on  ... 8080
info: Nov-02-2022 17:30:53: 	Successfully Registered
info: Nov-02-2022 17:31:24: 	Successfully login
info: Nov-02-2022 17:35:30: 	Server started and running on  ... 8080
info: Nov-02-2022 17:43:48: 	Server started and running on  ... 8080
info: Nov-02-2022 17:44:42: 	Server started and running on  ... 8080
info: Nov-02-2022 20:57:01: 	Server started and running on  ... 8080
info: Nov-02-2022 21:01:59: 	Server started and running on  ... 8080
info: Nov-02-2022 21:08:54: 	Server started and running on  ... 8080
info: Nov-02-2022 21:12:51: 	Server started and running on  ... 8080
info: Nov-02-2022 21:13:11: 	Server started and running on  ... 8080
info: Nov-02-2022 21:16:04: 	Server started and running on  ... 8080
info: Nov-02-2022 21:24:39: 	Server started and running on  ... 8080
info: Nov-02-2022 21:25:55: 	Server started and running on  ... 8080
info: Nov-02-2022 21:28:03: 	Server started and running on  ... 8080
info: Nov-02-2022 21:29:38: 	Successfully login
info: Nov-02-2022 21:30:10: 	Server started and running on  ... 8080
info: Nov-02-2022 21:32:34: 	Server started and running on  ... 8080
info: Nov-02-2022 21:44:39: 	Server started and running on  ... 8080
info: Nov-02-2022 21:53:13: 	Successfully login
info: Nov-02-2022 22:05:14: 	Server started and running on  ... 8080
info: Nov-02-2022 22:06:01: 	Server started and running on  ... 8080
info: Nov-02-2022 22:08:44: 	Server started and running on  ... 8080
info: Nov-02-2022 22:11:34: 	Server started and running on  ... 8080
info: Nov-02-2022 22:16:39: 	Server started and running on  ... 8080
info: Nov-02-2022 22:17:38: 	Server started and running on  ... 8080
info: Nov-02-2022 22:18:50: 	Server started and running on  ... 8080
info: Nov-02-2022 22:20:26: 	Server started and running on  ... 8080
info: Nov-02-2022 22:21:39: 	Server started and running on  ... 8080
info: Nov-02-2022 22:24:10: 	Server started and running on  ... 8080
info: Nov-02-2022 22:25:23: 	Server started and running on  ... 8080
info: Nov-02-2022 22:27:40: 	Server started and running on  ... 8080
info: Nov-02-2022 22:28:05: 	Server started and running on  ... 8080
info: Nov-02-2022 22:30:24: 	Server started and running on  ... 8080
info: Nov-02-2022 22:32:35: 	Server started and running on  ... 8080
info: Nov-02-2022 22:33:24: 	Server started and running on  ... 8080
info: Nov-02-2022 22:38:59: 	Server started and running on  ... 8080
info: Nov-02-2022 22:40:15: 	Server started and running on  ... 8080
info: Nov-02-2022 22:40:58: 	Server started and running on  ... 8080
info: Nov-02-2022 22:41:29: 	Server started and running on  ... 8080
info: Nov-02-2022 22:41:38: 	Server started and running on  ... 8080
info: Nov-02-2022 22:42:20: 	Server started and running on  ... 8080
info: Nov-02-2022 22:43:19: 	Server started and running on  ... 8080
info: Nov-02-2022 22:44:33: 	Server started and running on  ... 8080
info: Nov-02-2022 22:46:09: 	Server started and running on  ... 8080
info: Nov-02-2022 22:46:24: 	Server started and running on  ... 8080
info: Nov-02-2022 23:11:12: 	Server started and running on  ... 8080
info: Nov-02-2022 23:13:31: 	Server started and running on  ... 8080
info: Nov-02-2022 23:15:03: 	Server started and running on  ... 8080
info: Nov-02-2022 23:15:44: 	Server started and running on  ... 8080
info: Nov-02-2022 23:16:27: 	Server started and running on  ... 8080
info: Nov-02-2022 23:19:06: 	Successfully Form upload
info: Nov-02-2022 23:19:15: 	Successfully Form upload
info: Nov-02-2022 23:31:24: 	Server started and running on  ... 8080
info: Nov-02-2022 23:32:31: 	Server started and running on  ... 8080
info: Nov-02-2022 23:33:02: 	Server started and running on  ... 8080
info: Nov-02-2022 23:39:22: 	Server started and running on  ... 8080
info: Nov-02-2022 23:39:31: 	Server started and running on  ... 8080
info: Nov-02-2022 23:41:12: 	Successfully Registered
info: Nov-02-2022 23:47:09: 	Server started and running on  ... 8080
info: Nov-02-2022 23:48:42: 	Server started and running on  ... 8080
info: Nov-02-2022 23:49:47: 	Server started and running on  ... 8080
info: Nov-02-2022 23:51:56: 	Server started and running on  ... 8080
info: Nov-02-2022 23:52:21: 	Server started and running on  ... 8080
info: Nov-02-2022 23:52:46: 	Server started and running on  ... 8080
info: Nov-02-2022 23:54:12: 	Server started and running on  ... 8080
