info: Nov-01-2022 11:11:27: 	Server started and running on  ... 8080
info: Nov-01-2022 11:28:50: 	Successfully Form upload
info: Nov-01-2022 11:35:50: 	Server started and running on  ... 8080
info: Nov-01-2022 11:58:31: 	Server started and running on  ... 8080
info: Nov-01-2022 11:59:14: 	Server started and running on  ... 8080
info: Nov-01-2022 12:01:38: 	Server started and running on  ... 8080
info: Nov-01-2022 12:02:27: 	Server started and running on  ... 8080
info: Nov-01-2022 12:03:45: 	Server started and running on  ... 8080
info: Nov-01-2022 12:55:40: 	Server started and running on  ... 8080
info: Nov-01-2022 12:56:41: 	Server started and running on  ... 8080
info: Nov-01-2022 12:58:20: 	Server started and running on  ... 8080
info: Nov-01-2022 15:07:51: 	Server started and running on  ... 8080
error: Nov-01-2022 15:10:41: 	undefined
error: Nov-01-2022 15:11:23: 	undefined
info: Nov-01-2022 15:12:06: 	Server started and running on  ... 8080
info: Nov-01-2022 15:12:33: 	Server started and running on  ... 8080
info: Nov-01-2022 15:14:44: 	Successfully Registered
info: Nov-01-2022 15:17:47: 	Successfully login
info: Nov-01-2022 15:23:05: 	Server started and running on  ... 8080
info: Nov-01-2022 15:25:14: 	Successfully login
info: Nov-01-2022 15:25:45: 	Successfully Registered
info: Nov-01-2022 15:28:27: 	Server started and running on  ... 8080
info: Nov-01-2022 15:28:29: 	Successfully Registered
info: Nov-01-2022 15:29:05: 	Successfully Registered
info: Nov-01-2022 15:33:59: 	Server started and running on  ... 8080
info: Nov-01-2022 15:36:22: 	Server started and running on  ... 8080
info: Nov-01-2022 15:37:26: 	Server started and running on  ... 8080
error: Nov-01-2022 15:37:36: 	undefined
info: Nov-01-2022 15:39:01: 	Server started and running on  ... 8080
info: Nov-01-2022 15:39:17: 	Successfully login
info: Nov-01-2022 15:40:33: 	Server started and running on  ... 8080
info: Nov-01-2022 15:41:04: 	Server started and running on  ... 8080
info: Nov-01-2022 15:42:00: 	Server started and running on  ... 8080
info: Nov-01-2022 15:42:20: 	Server started and running on  ... 8080
info: Nov-01-2022 15:53:15: 	Server started and running on  ... 8080
info: Nov-01-2022 15:54:35: 	Server started and running on  ... 8080
info: Nov-01-2022 16:04:44: 	Server started and running on  ... 8080
info: Nov-01-2022 16:07:27: 	Server started and running on  ... 8080
info: Nov-01-2022 22:46:44: 	Server started and running on  ... 8080
