
info: Nov-04-2022 09:45:48: 	Server started and running on  ... 5000
info: Nov-04-2022 09:55:17: 	Server started and running on  ... 5000
info: Nov-04-2022 09:56:03: 	Server started and running on  ... 5000
info: Nov-04-2022 09:58:42: 	Successfully Registered
info: Nov-04-2022 10:02:59: 	Server started and running on  ... 5000
info: Nov-04-2022 10:05:45: 	Server started and running on  ... 5000
info: Nov-04-2022 10:06:23: 	Successfully login
info: Nov-04-2022 10:13:40: 	Server started and running on  ... 5000
info: Nov-04-2022 10:15:40: 	Server started and running on  ... 5000
info: Nov-04-2022 10:16:09: 	Server started and running on  ... 5000
info: Nov-04-2022 10:17:40: 	Server started and running on  ... 5000
info: Nov-04-2022 10:18:09: 	Successfully login
info: Nov-04-2022 10:23:45: 	Successfully login
info: Nov-04-2022 10:25:16: 	Server started and running on  ... 5000
info: Nov-04-2022 10:25:21: 	Successfully login
info: Nov-04-2022 10:25:55: 	Successfully login
info: Nov-04-2022 10:26:36: 	Successfully login
info: Nov-04-2022 10:27:46: 	shopkeper logined Successfully 
info: Nov-04-2022 10:27:47: 	shopkeper logined Successfully 
info: Nov-04-2022 10:27:48: 	shopkeper logined Successfully 
info: Nov-04-2022 10:27:48: 	shopkeper logined Successfully 
info: Nov-04-2022 10:27:48: 	shopkeper logined Successfully 
info: Nov-04-2022 10:27:48: 	shopkeper logined Successfully 
info: Nov-04-2022 10:28:11: 	shopkeper logined Successfully 
info: Nov-04-2022 10:28:46: 	shopkeper logined Successfully 
info: Nov-04-2022 10:31:20: 	Server started and running on  ... 5000
info: Nov-04-2022 10:31:26: 	shopkeper logined Successfully 
info: Nov-04-2022 10:38:21: 	Server started and running on  ... 5000
info: Nov-04-2022 10:39:03: 	Server started and running on  ... 5000
info: Nov-04-2022 10:40:57: 	Successfully Registered
info: Nov-04-2022 10:41:56: 	admin logined Successfully 
info: Nov-04-2022 10:43:04: 	admin logined Successfully 
info: Nov-04-2022 10:44:57: 	Successfully Form upload
info: Nov-04-2022 10:47:20: 	Successfully Form upload
info: Nov-04-2022 10:51:01: 	Successfully login
info: Nov-04-2022 11:17:01: 	shopkeper logined Successfully 
info: Nov-04-2022 11:34:49: 	Successfully login
info: Nov-04-2022 11:42:13: 	Successfully login
info: Nov-04-2022 11:42:34: 	Successfully login
info: Nov-04-2022 11:45:27: 	Successfully login
info: Nov-04-2022 11:50:25: 	admin logined Successfully 
info: Nov-04-2022 11:52:56: 	Successfully Form upload
info: Nov-04-2022 11:54:25: 	Successfully Form upload
info: Nov-04-2022 12:09:31: 	Successfully Form upload
info: Nov-04-2022 12:10:48: 	Successfully Form upload
info: Nov-04-2022 12:41:47: 	Successfully login
info: Nov-04-2022 14:09:15: 	Server started and running on  ... 5000
info: Nov-04-2022 14:09:17: 	Server started and running on  ... 5000
info: Nov-04-2022 14:13:09: 	Server started and running on  ... 5000
info: Nov-04-2022 14:13:34: 	Server started and running on  ... 5000
info: Nov-04-2022 14:13:40: 	Server started and running on  ... 5000
info: Nov-04-2022 14:14:00: 	Server started and running on  ... 5001
info: Nov-04-2022 14:43:49: 	Server started and running on  ... 5001
info: Nov-04-2022 14:44:11: 	Server started and running on  ... 5000
info: Nov-04-2022 14:44:44: 	Successfully login
info: Nov-04-2022 14:51:46: 	Resest the Password
info: Nov-04-2022 14:52:07: 	Successfully login
info: Nov-04-2022 14:56:09: 	Resest the Password
info: Nov-04-2022 14:56:59: 	shopkeper logined Successfully 
info: Nov-04-2022 14:57:36: 	Resest the Password
info: Nov-04-2022 14:57:46: 	shopkeper logined Successfully 
info: Nov-04-2022 15:01:10: 	shopkeper logined Successfully 
warn: Nov-04-2022 15:05:16: 	Invalid passord
info: Nov-04-2022 15:05:28: 	Resest the Password
warn: Nov-04-2022 15:07:25: 	Invalid passord
info: Nov-04-2022 15:09:03: 	Resest the Password
info: Nov-04-2022 15:09:15: 	admin logined Successfully 
info: Nov-04-2022 16:04:32: 	Resest the Password
info: Nov-04-2022 16:06:01: 	Resest the Password
info: Nov-04-2022 16:06:10: 	admin logined Successfully 
info: Nov-04-2022 16:44:42: 	Successfully Registered
info: Nov-04-2022 16:45:03: 	Successfully login
warn: Nov-04-2022 16:52:46: 	Invalid passord
info: Nov-04-2022 16:52:55: 	admin logined Successfully 
info: Nov-04-2022 16:54:22: 	Successfully Form upload
info: Nov-04-2022 18:07:49: 	Server started and running on  ... 5000
info: Nov-04-2022 18:12:56: 	Resest the Password
info: Nov-04-2022 18:13:35: 	Resest the Password
info: Nov-04-2022 18:13:40: 	Successfully login
info: Nov-04-2022 23:15:25: 	Server started and running on  ... 5000
info: Nov-04-2022 23:26:39: 	Resest the Password
info: Nov-04-2022 23:26:58: 	admin logined Successfully 
info: Nov-04-2022 23:28:35: 	Successfully Form upload
=======
info: Nov-04-2022 00:00:58: 	Server started and running on  ... 8080
info: Nov-04-2022 00:05:22: 	Server started and running on  ... 8080
info: Nov-04-2022 00:07:46: 	Server started and running on  ... 8080
info: Nov-04-2022 00:11:05: 	Server started and running on  ... 8080
info: Nov-04-2022 00:13:59: 	Server started and running on  ... 8080
info: Nov-04-2022 00:16:01: 	Server started and running on  ... 8080
info: Nov-04-2022 00:17:20: 	Server started and running on  ... 8080
info: Nov-04-2022 00:22:18: 	Server started and running on  ... 8080
info: Nov-04-2022 00:22:35: 	Server started and running on  ... 8080
info: Nov-04-2022 00:23:39: 	Server started and running on  ... 8080
info: Nov-04-2022 00:23:57: 	Server started and running on  ... 8080
info: Nov-04-2022 10:23:14: 	Server started and running on  ... 8080
info: Nov-04-2022 10:53:32: 	Server started and running on  ... 8080
info: Nov-04-2022 10:53:43: 	Server started and running on  ... 8080
info: Nov-04-2022 10:53:47: 	Server started and running on  ... 8080
info: Nov-04-2022 10:54:04: 	Server started and running on  ... 8080
info: Nov-04-2022 10:54:07: 	Server started and running on  ... 8080
info: Nov-04-2022 10:54:10: 	Server started and running on  ... 8080
info: Nov-04-2022 10:54:14: 	Server started and running on  ... 8080
info: Nov-04-2022 11:11:45: 	Server started and running on  ... 8080
info: Nov-04-2022 11:12:23: 	Server started and running on  ... 8080
info: Nov-04-2022 11:13:53: 	Server started and running on  ... 8080
info: Nov-04-2022 11:14:24: 	Server started and running on  ... 8080
info: Nov-04-2022 11:14:52: 	Server started and running on  ... 8080
info: Nov-04-2022 11:17:57: 	Server started and running on  ... 8080
info: Nov-04-2022 11:18:08: 	Server started and running on  ... 8080
info: Nov-04-2022 11:18:50: 	Server started and running on  ... 8080

