info: Nov-03-2022 09:46:25: 	Successfully login
info: Nov-03-2022 14:40:26: 	Successfully Registered
info: Nov-03-2022 14:55:08: 	shopkeper logined Successfully 
info: Nov-03-2022 14:56:51: 	shopkeper logined Successfully 
info: Nov-03-2022 15:06:15: 	shopkeper logined Successfully 
info: Nov-03-2022 15:14:11: 	shopkeper logined Successfully 
info: Nov-03-2022 15:21:46: 	shopkeper logined Successfully 
info: Nov-03-2022 15:32:51: 	shopkeper logined Successfully 
info: Nov-03-2022 15:33:19: 	shopkeper logined Successfully 
info: Nov-03-2022 15:37:17: 	Successfully login
info: Nov-03-2022 16:15:58: 	shopkeper logined Successfully 
info: Nov-03-2022 16:21:46: 	shopkeper logined Successfully 
info: Nov-03-2022 16:23:02: 	Successfully login
info: Nov-03-2022 16:25:23: 	shopkeper logined Successfully 
info: Nov-03-2022 16:31:02: 	Successfully login
info: Nov-03-2022 16:34:11: 	shopkeper logined Successfully 
info: Nov-03-2022 16:39:30: 	Successfully login
info: Nov-03-2022 17:47:23: 	Successfully Registered
info: Nov-03-2022 17:48:11: 	shopkeper logined Successfully 
info: Nov-03-2022 17:52:00: 	Successfully login
info: Nov-03-2022 17:53:12: 	shopkeper logined Successfully 
info: Nov-03-2022 17:54:05: 	Successfully login
info: Nov-03-2022 17:56:12: 	shopkeper logined Successfully 
info: Nov-03-2022 18:06:20: 	Successfully login
info: Nov-03-2022 18:12:25: 	shopkeper logined Successfully 
info: Nov-03-2022 18:13:57: 	Successfully Form upload
info: Nov-03-2022 18:15:06: 	Successfully Form upload
info: Nov-03-2022 18:16:12: 	Successfully Form upload
info: Nov-03-2022 19:58:33: 	Server started and running on  ... 5000
info: Nov-03-2022 20:00:02: 	Server started and running on  ... 5000
info: Nov-03-2022 20:02:46: 	Server started and running on  ... 5000
info: Nov-03-2022 20:04:34: 	Server started and running on  ... 5000
